Using pre-set license
Built from '2021.3/staging' branch; Version is '2021.3.2f1 (d6360bedb9a0) revision 14038539'; Using compiler version '192829333'; Build Type 'Release'
OS: 'Windows 10  (10.0.19044) 64bit Core' Language: 'en' Physical Memory: 16215 MB
BatchMode: 1, IsHumanControllingUs: 0, StartBugReporterOnCrash: 0, Is64bit: 1, IsPro: 1

COMMAND LINE ARGUMENTS:
C:\Program Files\Unity\Hub\Editor\2021.3.2f1\Editor\Unity.exe
-adb2
-batchMode
-noUpm
-name
AssetImportWorker2
-projectPath
D:/Jaar1/Periode 1.3/BO/Arcade Mechanics
-logFile
Logs/AssetImportWorker2.log
-srvPort
2482
Successfully changed project path to: D:/Jaar1/Periode 1.3/BO/Arcade Mechanics
D:/Jaar1/Periode 1.3/BO/Arcade Mechanics
[UnityMemory] Configuration Parameters - Can be set up in boot.config
    "memorysetup-bucket-allocator-granularity=16"
    "memorysetup-bucket-allocator-bucket-count=8"
    "memorysetup-bucket-allocator-block-size=33554432"
    "memorysetup-bucket-allocator-block-count=8"
    "memorysetup-main-allocator-block-size=16777216"
    "memorysetup-thread-allocator-block-size=16777216"
    "memorysetup-gfx-main-allocator-block-size=16777216"
    "memorysetup-gfx-thread-allocator-block-size=16777216"
    "memorysetup-cache-allocator-block-size=4194304"
    "memorysetup-typetree-allocator-block-size=2097152"
    "memorysetup-profiler-bucket-allocator-granularity=16"
    "memorysetup-profiler-bucket-allocator-bucket-count=8"
    "memorysetup-profiler-bucket-allocator-block-size=33554432"
    "memorysetup-profiler-bucket-allocator-block-count=8"
    "memorysetup-profiler-allocator-block-size=16777216"
    "memorysetup-profiler-editor-allocator-block-size=1048576"
    "memorysetup-temp-allocator-size-main=16777216"
    "memorysetup-job-temp-allocator-block-size=2097152"
    "memorysetup-job-temp-allocator-block-size-background=1048576"
    "memorysetup-job-temp-allocator-reduction-small-platforms=262144"
    "memorysetup-temp-allocator-size-background-worker=32768"
    "memorysetup-temp-allocator-size-job-worker=262144"
    "memorysetup-temp-allocator-size-preload-manager=33554432"
    "memorysetup-temp-allocator-size-nav-mesh-worker=65536"
    "memorysetup-temp-allocator-size-audio-worker=65536"
    "memorysetup-temp-allocator-size-cloud-worker=32768"
    "memorysetup-temp-allocator-size-gi-baking-worker=262144"
    "memorysetup-temp-allocator-size-gfx=262144"
Refreshing native plugins compatible for Editor in 35.01 ms, found 2 plugins.
Preloading 0 native plugins for Editor in 0.00 ms.
Initialize engine version: 2021.3.2f1 (d6360bedb9a0)
[Subsystems] Discovering subsystems at path C:/Program Files/Unity/Hub/Editor/2021.3.2f1/Editor/Data/Resources/UnitySubsystems
[Subsystems] Discovering subsystems at path D:/Jaar1/Periode 1.3/BO/Arcade Mechanics/Assets
GfxDevice: creating device client; threaded=0; jobified=0
d3d12: loaded!
Direct3D:
    Version:         Direct3D 12 [level 12.1]
    Renderer:        NVIDIA GeForce GTX 1660 Ti (ID=0x2191)
    Vendor:          NVIDIA
    VRAM:            5991 MB
    App VRAM Budget: 5223 MB
    Driver:          31.0.15.1659
d3d12: Profiler is enabled, but stable power state is not. GPU timing errors are expected.
Initialize mono
Mono path[0] = 'C:/Program Files/Unity/Hub/Editor/2021.3.2f1/Editor/Data/Managed'
Mono path[1] = 'C:/Program Files/Unity/Hub/Editor/2021.3.2f1/Editor/Data/MonoBleedingEdge/lib/mono/unityjit-win32'
Mono config path = 'C:/Program Files/Unity/Hub/Editor/2021.3.2f1/Editor/Data/MonoBleedingEdge/etc'
Using monoOptions --debugger-agent=transport=dt_socket,embedding=1,server=y,suspend=n,address=127.0.0.1:56440
Begin MonoManager ReloadAssembly
Registering precompiled unity dll's ...
Register platform support module: C:/Program Files/Unity/Hub/Editor/2021.3.2f1/Editor/Data/PlaybackEngines/WindowsStandaloneSupport/UnityEditor.WindowsStandalone.Extensions.dll
Registered in 0.006780 seconds.
Native extension for WindowsStandalone target not found
Refreshing native plugins compatible for Editor in 26.43 ms, found 2 plugins.
Preloading 0 native plugins for Editor in 0.00 ms.
Mono: successfully reloaded assembly
- Completed reload, in  0.610 seconds
Domain Reload Profiling:
	ReloadAssembly (611ms)
		BeginReloadAssembly (79ms)
			ExecutionOrderSort (0ms)
			DisableScriptedObjects (0ms)
			BackupInstance (0ms)
			ReleaseScriptingObjects (0ms)
			CreateAndSetChildDomain (1ms)
		EndReloadAssembly (412ms)
			LoadAssemblies (76ms)
			RebuildTransferFunctionScriptingTraits (0ms)
			SetupTypeCache (103ms)
			ReleaseScriptCaches (0ms)
			RebuildScriptCaches (28ms)
			SetupLoadedEditorAssemblies (231ms)
				LogAssemblyErrors (0ms)
				InitializePlatformSupportModulesInManaged (9ms)
				SetLoadedEditorAssemblies (0ms)
				RefreshPlugins (27ms)
				BeforeProcessingInitializeOnLoad (1ms)
				ProcessInitializeOnLoadAttributes (137ms)
				ProcessInitializeOnLoadMethodAttributes (57ms)
				AfterProcessingInitializeOnLoad (0ms)
				EditorAssembliesLoaded (0ms)
			ExecutionOrderSort2 (0ms)
			AwakeInstancesAfterBackupRestoration (0ms)
Platform modules already initialized, skipping
Registering precompiled user dll's ...
Registered in 0.003029 seconds.
Begin MonoManager ReloadAssembly
Native extension for WindowsStandalone target not found
Refreshing native plugins compatible for Editor in 0.38 ms, found 2 plugins.
Preloading 0 native plugins for Editor in 0.00 ms.
Package Manager log level set to [2]
Mono: successfully reloaded assembly
- Completed reload, in  0.889 seconds
Domain Reload Profiling:
	ReloadAssembly (890ms)
		BeginReloadAssembly (120ms)
			ExecutionOrderSort (0ms)
			DisableScriptedObjects (6ms)
			BackupInstance (0ms)
			ReleaseScriptingObjects (0ms)
			CreateAndSetChildDomain (19ms)
		EndReloadAssembly (656ms)
			LoadAssemblies (72ms)
			RebuildTransferFunctionScriptingTraits (0ms)
			SetupTypeCache (178ms)
			ReleaseScriptCaches (0ms)
			RebuildScriptCaches (40ms)
			SetupLoadedEditorAssemblies (335ms)
				LogAssemblyErrors (0ms)
				InitializePlatformSupportModulesInManaged (6ms)
				SetLoadedEditorAssemblies (0ms)
				RefreshPlugins (0ms)
				BeforeProcessingInitializeOnLoad (75ms)
				ProcessInitializeOnLoadAttributes (219ms)
				ProcessInitializeOnLoadMethodAttributes (25ms)
				AfterProcessingInitializeOnLoad (9ms)
				EditorAssembliesLoaded (0ms)
			ExecutionOrderSort2 (0ms)
			AwakeInstancesAfterBackupRestoration (6ms)
Platform modules already initialized, skipping
========================================================================
Worker process is ready to serve import requests
Launched and connected shader compiler UnityShaderCompiler.exe after 0.04 seconds
Refreshing native plugins compatible for Editor in 0.33 ms, found 2 plugins.
Preloading 0 native plugins for Editor in 0.00 ms.
Unloading 1750 Unused Serialized files (Serialized files now loaded: 0)
Unloading 21 unused Assets / (56.7 KB). Loaded Objects now: 2235.
Memory consumption went from 87.4 MB to 87.3 MB.
Total: 2.355600 ms (FindLiveObjects: 0.159100 ms CreateObjectMapping: 0.094200 ms MarkObjects: 2.032500 ms  DeleteObjects: 0.068900 ms)

AssetImportParameters requested are different than current active one (requested -> active):
  custom:video-decoder-ogg-theora: a1e56fd34408186e4bbccfd4996cb3dc -> 
  custom:container-muxer-webm: aa71ff27fc2769a1b78a27578f13a17b -> 
  custom:container-demuxer-webm: 4f35f7cbe854078d1ac9338744f61a02 -> 
  custom:video-encoder-webm-vp8: eb34c28f22e8b96e1ab97ce403110664 -> 
  custom:audio-encoder-webm-vorbis: bf7c407c2cedff20999df2af8eb42d56 -> 
  custom:framework-win-MediaFoundation: 216162199b28c13a410421893ffa2e32 -> 
  custom:container-demuxer-ogg: 62fdf1f143b41e24485cea50d1cbac27 -> 
  custom:video-decoder-webm-vp8: 9c59270c3fd7afecdb556c50c9e8de78 -> 
  custom:audio-decoder-ogg-vorbis: bf7c407c2cedff20999df2af8eb42d56 -> 
========================================================================
Received Import Request.
  Time since last request: 128218.686693 seconds.
  path: Assets/Models
  artifactKey: Guid(274c66f2443e04b4da735c16965d4a56) Importer(815301076,1909f56bfc062723c751e8b465ee728b)
Start importing Assets/Models using Guid(274c66f2443e04b4da735c16965d4a56) Importer(815301076,1909f56bfc062723c751e8b465ee728b)  -> (artifact id: 'b466867f1000afa86ca633844a451b1c') in 0.010299 seconds 
========================================================================
Received Import Request.
  Time since last request: 0.058635 seconds.
  path: Assets/Models/dynamite.fbx
  artifactKey: Guid(a0a9d1f36a8a5884b87ddad16fb4e1ee) Importer(815301076,1909f56bfc062723c751e8b465ee728b)
Start importing Assets/Models/dynamite.fbx using Guid(a0a9d1f36a8a5884b87ddad16fb4e1ee) Importer(815301076,1909f56bfc062723c751e8b465ee728b)  -> (artifact id: '1283b66330c3896c3d0f45bb419872e4') in 0.253144 seconds 
========================================================================
Received Import Request.
  Time since last request: 8.219325 seconds.
  path: Assets/Models/Player animations
  artifactKey: Guid(1d0e32ccedbd9414c8f77ff9b16a5726) Importer(815301076,1909f56bfc062723c751e8b465ee728b)
Start importing Assets/Models/Player animations using Guid(1d0e32ccedbd9414c8f77ff9b16a5726) Importer(815301076,1909f56bfc062723c751e8b465ee728b)  -> (artifact id: '9c9ce05b99210c34342f0adbf59a346e') in 0.008137 seconds 
========================================================================
Received Import Request.
  Time since last request: 0.717446 seconds.
  path: Assets/Models/Player animations/man.controller
  artifactKey: Guid(042bffca70733bd42a4c5f5630276799) Importer(815301076,1909f56bfc062723c751e8b465ee728b)
Start importing Assets/Models/Player animations/man.controller using Guid(042bffca70733bd42a4c5f5630276799) Importer(815301076,1909f56bfc062723c751e8b465ee728b)  -> (artifact id: 'd4674725d0da5df867eb06516f564042') in 0.011956 seconds 
========================================================================
Received Import Request.
  Time since last request: 5.682608 seconds.
  path: Assets/Models/Animations
  artifactKey: Guid(d374f6d9ef5d23c42bd351ac96c7b14b) Importer(815301076,1909f56bfc062723c751e8b465ee728b)
Start importing Assets/Models/Animations using Guid(d374f6d9ef5d23c42bd351ac96c7b14b) Importer(815301076,1909f56bfc062723c751e8b465ee728b)  -> (artifact id: '8afd51e62e436b046ef313e163457786') in 0.008621 seconds 
========================================================================
Received Import Request.
  Time since last request: 0.555495 seconds.
  path: Assets/Models/Animations/Enemy.controller
  artifactKey: Guid(2458c71bf6c014c4d8011207c8be0315) Importer(815301076,1909f56bfc062723c751e8b465ee728b)
Start importing Assets/Models/Animations/Enemy.controller using Guid(2458c71bf6c014c4d8011207c8be0315) Importer(815301076,1909f56bfc062723c751e8b465ee728b)  -> (artifact id: '6279068a58a90c1c0af84b338ee4b737') in 0.010726 seconds 
========================================================================
Received Import Request.
  Time since last request: 0.987298 seconds.
  path: Assets/Models/Animations/Enemy_idle.anim
  artifactKey: Guid(05a728b6de2c3df4598b3ba547011931) Importer(815301076,1909f56bfc062723c751e8b465ee728b)
Start importing Assets/Models/Animations/Enemy_idle.anim using Guid(05a728b6de2c3df4598b3ba547011931) Importer(815301076,1909f56bfc062723c751e8b465ee728b)  -> (artifact id: '10e7d37df28f11c14d17e04cdd1d5330') in 0.011246 seconds 
========================================================================
Received Import Request.
  Time since last request: 0.724161 seconds.
  path: Assets/Models/Animations/Player_attack.anim
  artifactKey: Guid(554cda6270a0c8f46904354da7667c08) Importer(815301076,1909f56bfc062723c751e8b465ee728b)
Start importing Assets/Models/Animations/Player_attack.anim using Guid(554cda6270a0c8f46904354da7667c08) Importer(815301076,1909f56bfc062723c751e8b465ee728b)  -> (artifact id: '57f8f16f34591aa16135a5fd6079613c') in 0.013684 seconds 
========================================================================
Received Import Request.
  Time since last request: 0.906545 seconds.
  path: Assets/Models/Animations/Player_fall.anim
  artifactKey: Guid(b475eb1e810aaf54294eda8654a852f9) Importer(815301076,1909f56bfc062723c751e8b465ee728b)
Start importing Assets/Models/Animations/Player_fall.anim using Guid(b475eb1e810aaf54294eda8654a852f9) Importer(815301076,1909f56bfc062723c751e8b465ee728b)  -> (artifact id: '420085636193065699fcc76bff36851a') in 0.013724 seconds 
========================================================================
Received Import Request.
  Time since last request: 0.608762 seconds.
  path: Assets/Models/Animations/Player_idle.anim
  artifactKey: Guid(d93d0e2ea33e13a40b21c77474bc7e93) Importer(815301076,1909f56bfc062723c751e8b465ee728b)
Start importing Assets/Models/Animations/Player_idle.anim using Guid(d93d0e2ea33e13a40b21c77474bc7e93) Importer(815301076,1909f56bfc062723c751e8b465ee728b)  -> (artifact id: '945eda0630e9fe95bc54f37b760ad12a') in 0.012515 seconds 
========================================================================
Received Import Request.
  Time since last request: 0.588383 seconds.
  path: Assets/Models/Animations/Player_walk.anim
  artifactKey: Guid(18bb79b1a3fc2764eb93f5cdf4d1f498) Importer(815301076,1909f56bfc062723c751e8b465ee728b)
Start importing Assets/Models/Animations/Player_walk.anim using Guid(18bb79b1a3fc2764eb93f5cdf4d1f498) Importer(815301076,1909f56bfc062723c751e8b465ee728b)  -> (artifact id: '2df3173940c677d4f294480b89579aaa') in 0.013038 seconds 
========================================================================
Received Import Request.
  Time since last request: 12.667510 seconds.
  path: Assets/Models/player 1.fbx
  artifactKey: Guid(a943e76775a55544da3181d2cf96b88d) Importer(815301076,1909f56bfc062723c751e8b465ee728b)
Start importing Assets/Models/player 1.fbx using Guid(a943e76775a55544da3181d2cf96b88d) Importer(815301076,1909f56bfc062723c751e8b465ee728b)  -> (artifact id: 'c4bfd20a4c34d691be45e98cc4b6d70a') in 0.075572 seconds 
========================================================================
Received Import Request.
  Time since last request: 40.012284 seconds.
  path: Assets/Models/Breathing Idle.fbx
  artifactKey: Guid(bf0862e6bd0b7df4189a994be82c43e7) Importer(815301076,1909f56bfc062723c751e8b465ee728b)
Start importing Assets/Models/Breathing Idle.fbx using Guid(bf0862e6bd0b7df4189a994be82c43e7) Importer(815301076,1909f56bfc062723c751e8b465ee728b)  -> (artifact id: '7eb7cf1c1dd49fbea9850aec53cbd272') in 0.083950 seconds 
========================================================================
Received Import Request.
  Time since last request: 67.185533 seconds.
  path: Assets/Models/Animations/Breathing Idle (1).fbx
  artifactKey: Guid(f3515f8b28ceed24b93a9d964c52212f) Importer(815301076,1909f56bfc062723c751e8b465ee728b)
Start importing Assets/Models/Animations/Breathing Idle (1).fbx using Guid(f3515f8b28ceed24b93a9d964c52212f) Importer(815301076,1909f56bfc062723c751e8b465ee728b)  -> (artifact id: 'e6e6658c03a631f85756688c1313bf01') in 0.015878 seconds 
========================================================================
Received Import Request.
  Time since last request: 321.025097 seconds.
  path: Assets/Models/p.unitypackage
  artifactKey: Guid(5df6febdcd0faaa48b9715fa563e5932) Importer(815301076,1909f56bfc062723c751e8b465ee728b)
Start importing Assets/Models/p.unitypackage using Guid(5df6febdcd0faaa48b9715fa563e5932) Importer(815301076,1909f56bfc062723c751e8b465ee728b)  -> (artifact id: '23caf5c5bfad79d68bce4d9da3d222ae') in 0.012099 seconds 
========================================================================
Received Import Request.
  Time since last request: 168.506089 seconds.
  path: Assets/Models/Animations/mixamo.com.anim
  artifactKey: Guid(0b73ac2ee7d3a114b834aa30c8aa9d16) Importer(815301076,1909f56bfc062723c751e8b465ee728b)
Start importing Assets/Models/Animations/mixamo.com.anim using Guid(0b73ac2ee7d3a114b834aa30c8aa9d16) Importer(815301076,1909f56bfc062723c751e8b465ee728b)  -> (artifact id: '1ee2db7a1934c9b6bc007f2fbfb3babd') in 0.012687 seconds 
